<?xml version="1.0" encoding="UTF-8"?>
<testsuite xmlns:xsi="http://www.w3.org/2001/XMLSchema-instance" xsi:noNamespaceSchemaLocation="https://maven.apache.org/surefire/maven-surefire-plugin/xsd/surefire-test-report-3.0.xsd" version="3.0" name="com.asd.sorting.DeterministicSelectTest" time="0.146" tests="20" errors="0" skipped="0" failures="0">
  <properties>
[...]
</properties>
  <testcase name="testDeterministicSelectRandom" classname="com.asd.sorting.DeterministicSelectTest" time="0.01"/>
  <testcase name="testDeterministicSelectRandom" classname="com.asd.sorting.DeterministicSelectTest" time="0.004"/>
  <testcase name="testDeterministicSelectRandom" classname="com.asd.sorting.DeterministicSelectTest" time="0.003"/>
  <testcase name="testDeterministicSelectRandom" classname="com.asd.sorting.DeterministicSelectTest" time="0.003"/>
  <testcase name="testDeterministicSelectRandom" classname="com.asd.sorting.DeterministicSelectTest" time="0.004"/>
  <testcase name="testDeterministicSelectRandom" classname="com.asd.sorting.DeterministicSelectTest" time="0.003"/>
  <testcase name="testDeterministicSelectRandom" classname="com.asd.sorting.DeterministicSelectTest" time="0.002"/>
  <testcase name="testDeterministicSelectRandom" classname="com.asd.sorting.DeterministicSelectTest" time="0.004"/>
  <testcase name="testDeterministicSelectRandom" classname="com.asd.sorting.DeterministicSelectTest" time="0.003"/>
  <testcase name="testDeterministicSelectRandom" classname="com.asd.sorting.DeterministicSelectTest" time="0.003"/>
  <testcase name="testDeterministicSelectRandom" classname="com.asd.sorting.DeterministicSelectTest" time="0.004"/>
  <testcase name="testDeterministicSelectRandom" classname="com.asd.sorting.DeterministicSelectTest" time="0.003"/>
  <testcase name="testDeterministicSelectRandom" classname="com.asd.sorting.DeterministicSelectTest" time="0.003"/>
  <testcase name="testDeterministicSelectRandom" classname="com.asd.sorting.DeterministicSelectTest" time="0.002"/>
  <testcase name="testDeterministicSelectRandom" classname="com.asd.sorting.DeterministicSelectTest" time="0.003"/>
  <testcase name="testDeterministicSelectRandom" classname="com.asd.sorting.DeterministicSelectTest" time="0.003"/>
  <testcase name="testDeterministicSelectRandom" classname="com.asd.sorting.DeterministicSelectTest" time="0.004"/>
  <testcase name="testDeterministicSelectRandom" classname="com.asd.sorting.DeterministicSelectTest" time="0.003"/>
  <testcase name="testDeterministicSelectRandom" classname="com.asd.sorting.DeterministicSelectTest" time="0.003"/>
  <testcase name="testDeterministicSelectRandom" classname="com.asd.sorting.DeterministicSelectTest" time="0.002"/>
</testsuite>